The system is: Linux - 2.6.32-504.el6.x86_64 - x86_64
Compiling the C compiler identification source file "CMakeCCompilerId.c" succeeded.
Compiler: /cvmfs/cms.cern.ch/slc6_amd64_gcc491/external/gcc/4.9.1-cms/bin/cc 
Build flags: 
Id flags: 

The output was:
0


Compilation of the C compiler identification source "CMakeCCompilerId.c" produced "a.out"

The C compiler identification is GNU, found in "/nfs/cms/mc1/cjc359/MMAPS/darkPhotonBuild2/CMakeFiles/2.8.12.2/CompilerIdC/a.out"

Compiling the CXX compiler identification source file "CMakeCXXCompilerId.cpp" succeeded.
Compiler: /cvmfs/cms.cern.ch/slc6_amd64_gcc491/external/gcc/4.9.1-cms/bin/c++ 
Build flags: ;-std=c++0x
Id flags: 

The output was:
0


Compilation of the CXX compiler identification source "CMakeCXXCompilerId.cpp" produced "a.out"

The CXX compiler identification is GNU, found in "/nfs/cms/mc1/cjc359/MMAPS/darkPhotonBuild2/CMakeFiles/2.8.12.2/CompilerIdCXX/a.out"

Determining if the C compiler works passed with the following output:
Change Dir: /nfs/cms/mc1/cjc359/MMAPS/darkPhotonBuild2/CMakeFiles/CMakeTmp

Run Build Command:/usr/bin/gmake "cmTryCompileExec1411236709/fast"
/usr/bin/gmake -f CMakeFiles/cmTryCompileExec1411236709.dir/build.make CMakeFiles/cmTryCompileExec1411236709.dir/build
gmake[1]: Entering directory `/nfs/cms/mc1/cjc359/MMAPS/darkPhotonBuild2/CMakeFiles/CMakeTmp'
/usr/bin/cmake -E cmake_progress_report /nfs/cms/mc1/cjc359/MMAPS/darkPhotonBuild2/CMakeFiles/CMakeTmp/CMakeFiles 1
Building C object CMakeFiles/cmTryCompileExec1411236709.dir/testCCompiler.c.o
/cvmfs/cms.cern.ch/slc6_amd64_gcc491/external/gcc/4.9.1-cms/bin/cc    -o CMakeFiles/cmTryCompileExec1411236709.dir/testCCompiler.c.o   -c /nfs/cms/mc1/cjc359/MMAPS/darkPhotonBuild2/CMakeFiles/CMakeTmp/testCCompiler.c
Linking C executable cmTryCompileExec1411236709
/usr/bin/cmake -E cmake_link_script CMakeFiles/cmTryCompileExec1411236709.dir/link.txt --verbose=1
/cvmfs/cms.cern.ch/slc6_amd64_gcc491/external/gcc/4.9.1-cms/bin/cc       CMakeFiles/cmTryCompileExec1411236709.dir/testCCompiler.c.o  -o cmTryCompileExec1411236709 -rdynamic 
gmake[1]: Leaving directory `/nfs/cms/mc1/cjc359/MMAPS/darkPhotonBuild2/CMakeFiles/CMakeTmp'


Detecting C compiler ABI info compiled with the following output:
Change Dir: /nfs/cms/mc1/cjc359/MMAPS/darkPhotonBuild2/CMakeFiles/CMakeTmp

Run Build Command:/usr/bin/gmake "cmTryCompileExec3751276924/fast"
/usr/bin/gmake -f CMakeFiles/cmTryCompileExec3751276924.dir/build.make CMakeFiles/cmTryCompileExec3751276924.dir/build
gmake[1]: Entering directory `/nfs/cms/mc1/cjc359/MMAPS/darkPhotonBuild2/CMakeFiles/CMakeTmp'
/usr/bin/cmake -E cmake_progress_report /nfs/cms/mc1/cjc359/MMAPS/darkPhotonBuild2/CMakeFiles/CMakeTmp/CMakeFiles 1
Building C object CMakeFiles/cmTryCompileExec3751276924.dir/CMakeCCompilerABI.c.o
/cvmfs/cms.cern.ch/slc6_amd64_gcc491/external/gcc/4.9.1-cms/bin/cc    -o CMakeFiles/cmTryCompileExec3751276924.dir/CMakeCCompilerABI.c.o   -c /usr/share/cmake/Modules/CMakeCCompilerABI.c
Linking C executable cmTryCompileExec3751276924
/usr/bin/cmake -E cmake_link_script CMakeFiles/cmTryCompileExec3751276924.dir/link.txt --verbose=1
/cvmfs/cms.cern.ch/slc6_amd64_gcc491/external/gcc/4.9.1-cms/bin/cc     -v CMakeFiles/cmTryCompileExec3751276924.dir/CMakeCCompilerABI.c.o  -o cmTryCompileExec3751276924 -rdynamic  
Using built-in specs.
COLLECT_GCC=/cvmfs/cms.cern.ch/slc6_amd64_gcc491/external/gcc/4.9.1-cms/bin/cc
COLLECT_LTO_WRAPPER=/cvmfs/cms.cern.ch/slc6_amd64_gcc491/external/gcc/4.9.1-cms/bin/../libexec/gcc/x86_64-redhat-linux-gnu/4.9.1/lto-wrapper
Target: x86_64-redhat-linux-gnu
Configured with: ../configure --prefix=/build/dmendezl/CMSSW_7_2_0_pre4-build/tmp/BUILDROOT/339bf9a4281bb3f3d22291ab510a30f8/opt/cmssw/slc6_amd64_gcc491/external/gcc/4.9.1-cms --disable-multilib --disable-nls --with-system-zlib --disable-dssi --enable-languages=c,c++,fortran --enable-__cxa_atexit --disable-libunwind-exceptions --enable-gnu-unique-object --enable-plugin --with-linker-hash-style=gnu --enable-linker-build-id --enable-gold=yes --enable-ld=default --enable-lto --with-gmp=/build/dmendezl/CMSSW_7_2_0_pre4-build/tmp/BUILDROOT/339bf9a4281bb3f3d22291ab510a30f8/opt/cmssw/slc6_amd64_gcc491/external/gcc/4.9.1-cms --with-mpfr=/build/dmendezl/CMSSW_7_2_0_pre4-build/tmp/BUILDROOT/339bf9a4281bb3f3d22291ab510a30f8/opt/cmssw/slc6_amd64_gcc491/external/gcc/4.9.1-cms --with-mpc=/build/dmendezl/CMSSW_7_2_0_pre4-build/tmp/BUILDROOT/339bf9a4281bb3f3d22291ab510a30f8/opt/cmssw/slc6_amd64_gcc491/external/gcc/4.9.1-cms --with-isl=/build/dmendezl/CMSSW_7_2_0_pre4-build/tmp/BUILDROOT/339bf9a4281bb3f3d22291ab510a30f8/opt/cmssw/slc6_amd64_gcc491/external/gcc/4.9.1-cms --with-cloog=/build/dmendezl/CMSSW_7_2_0_pre4-build/tmp/BUILDROOT/339bf9a4281bb3f3d22291ab510a30f8/opt/cmssw/slc6_amd64_gcc491/external/gcc/4.9.1-cms --enable-checking=release --build=x86_64-redhat-linux-gnu --host=x86_64-redhat-linux-gnu --enable-libstdcxx-time=rt --enable-shared CC='gcc -fPIC' CXX='c++ -fPIC' CPP=cpp CXXCPP='c++ -E' CFLAGS=-I/build/dmendezl/CMSSW_7_2_0_pre4-build/tmp/BUILDROOT/339bf9a4281bb3f3d22291ab510a30f8/opt/cmssw/slc6_amd64_gcc491/external/gcc/4.9.1-cms/tmp/sw/include CXXFLAGS=-I/build/dmendezl/CMSSW_7_2_0_pre4-build/tmp/BUILDROOT/339bf9a4281bb3f3d22291ab510a30f8/opt/cmssw/slc6_amd64_gcc491/external/gcc/4.9.1-cms/tmp/sw/include LDFLAGS=-L/build/dmendezl/CMSSW_7_2_0_pre4-build/tmp/BUILDROOT/339bf9a4281bb3f3d22291ab510a30f8/opt/cmssw/slc6_amd64_gcc491/external/gcc/4.9.1-cms/tmp/sw/lib
Thread model: posix
gcc version 4.9.1 (GCC) 
COMPILER_PATH=/cvmfs/cms.cern.ch/slc6_amd64_gcc491/external/gcc/4.9.1-cms/bin/../libexec/gcc/x86_64-redhat-linux-gnu/4.9.1/:/cvmfs/cms.cern.ch/slc6_amd64_gcc491/external/gcc/4.9.1-cms/bin/../libexec/gcc/:/cvmfs/cms.cern.ch/slc6_amd64_gcc491/external/gcc/4.9.1-cms/bin/../lib/gcc/x86_64-redhat-linux-gnu/4.9.1/../../../../x86_64-redhat-linux-gnu/bin/
LIBRARY_PATH=/cvmfs/cms.cern.ch/slc6_amd64_gcc491/external/gcc/4.9.1-cms/bin/../lib/gcc/x86_64-redhat-linux-gnu/4.9.1/:/cvmfs/cms.cern.ch/slc6_amd64_gcc491/external/gcc/4.9.1-cms/bin/../lib/gcc/:/cvmfs/cms.cern.ch/slc6_amd64_gcc491/external/gcc/4.9.1-cms/bin/../lib/gcc/x86_64-redhat-linux-gnu/4.9.1/../../../../lib64/:/lib/../lib64/:/usr/lib/../lib64/:/cvmfs/cms.cern.ch/slc6_amd64_gcc491/external/gcc/4.9.1-cms/bin/../lib/gcc/x86_64-redhat-linux-gnu/4.9.1/../../../../x86_64-redhat-linux-gnu/lib/:/cvmfs/cms.cern.ch/slc6_amd64_gcc491/external/gcc/4.9.1-cms/bin/../lib/gcc/x86_64-redhat-linux-gnu/4.9.1/../../../:/lib/:/usr/lib/
COLLECT_GCC_OPTIONS='-v' '-o' 'cmTryCompileExec3751276924' '-rdynamic' '-mtune=generic' '-march=x86-64'
 /cvmfs/cms.cern.ch/slc6_amd64_gcc491/external/gcc/4.9.1-cms/bin/../libexec/gcc/x86_64-redhat-linux-gnu/4.9.1/collect2 -plugin /cvmfs/cms.cern.ch/slc6_amd64_gcc491/external/gcc/4.9.1-cms/bin/../libexec/gcc/x86_64-redhat-linux-gnu/4.9.1/liblto_plugin.so -plugin-opt=/cvmfs/cms.cern.ch/slc6_amd64_gcc491/external/gcc/4.9.1-cms/bin/../libexec/gcc/x86_64-redhat-linux-gnu/4.9.1/lto-wrapper -plugin-opt=-fresolution=/tmp/cc4wViy4.res -plugin-opt=-pass-through=-lgcc -plugin-opt=-pass-through=-lgcc_s -plugin-opt=-pass-through=-lc -plugin-opt=-pass-through=-lgcc -plugin-opt=-pass-through=-lgcc_s --build-id --eh-frame-hdr --hash-style=gnu -m elf_x86_64 -export-dynamic -dynamic-linker /lib64/ld-linux-x86-64.so.2 -z common-page-size=4096 -z max-page-size=4096 -o cmTryCompileExec3751276924 /usr/lib/../lib64/crt1.o /usr/lib/../lib64/crti.o /cvmfs/cms.cern.ch/slc6_amd64_gcc491/external/gcc/4.9.1-cms/bin/../lib/gcc/x86_64-redhat-linux-gnu/4.9.1/crtbegin.o -L/cvmfs/cms.cern.ch/slc6_amd64_gcc491/external/gcc/4.9.1-cms/bin/../lib/gcc/x86_64-redhat-linux-gnu/4.9.1 -L/cvmfs/cms.cern.ch/slc6_amd64_gcc491/external/gcc/4.9.1-cms/bin/../lib/gcc -L/cvmfs/cms.cern.ch/slc6_amd64_gcc491/external/gcc/4.9.1-cms/bin/../lib/gcc/x86_64-redhat-linux-gnu/4.9.1/../../../../lib64 -L/lib/../lib64 -L/usr/lib/../lib64 -L/cvmfs/cms.cern.ch/slc6_amd64_gcc491/external/gcc/4.9.1-cms/bin/../lib/gcc/x86_64-redhat-linux-gnu/4.9.1/../../../../x86_64-redhat-linux-gnu/lib -L/cvmfs/cms.cern.ch/slc6_amd64_gcc491/external/gcc/4.9.1-cms/bin/../lib/gcc/x86_64-redhat-linux-gnu/4.9.1/../../.. CMakeFiles/cmTryCompileExec3751276924.dir/CMakeCCompilerABI.c.o -lgcc --as-needed -lgcc_s --no-as-needed -lc -lgcc --as-needed -lgcc_s --no-as-needed /cvmfs/cms.cern.ch/slc6_amd64_gcc491/external/gcc/4.9.1-cms/bin/../lib/gcc/x86_64-redhat-linux-gnu/4.9.1/crtend.o /usr/lib/../lib64/crtn.o
gmake[1]: Leaving directory `/nfs/cms/mc1/cjc359/MMAPS/darkPhotonBuild2/CMakeFiles/CMakeTmp'


Parsed C implicit link information from above output:
  link line regex: [^( *|.*[/\])(ld|([^/\]+-)?ld|collect2)[^/\]*( |$)]
  ignore line: [Change Dir: /nfs/cms/mc1/cjc359/MMAPS/darkPhotonBuild2/CMakeFiles/CMakeTmp]
  ignore line: []
  ignore line: [Run Build Command:/usr/bin/gmake "cmTryCompileExec3751276924/fast"]
  ignore line: [/usr/bin/gmake -f CMakeFiles/cmTryCompileExec3751276924.dir/build.make CMakeFiles/cmTryCompileExec3751276924.dir/build]
  ignore line: [gmake[1]: Entering directory `/nfs/cms/mc1/cjc359/MMAPS/darkPhotonBuild2/CMakeFiles/CMakeTmp']
  ignore line: [/usr/bin/cmake -E cmake_progress_report /nfs/cms/mc1/cjc359/MMAPS/darkPhotonBuild2/CMakeFiles/CMakeTmp/CMakeFiles 1]
  ignore line: [Building C object CMakeFiles/cmTryCompileExec3751276924.dir/CMakeCCompilerABI.c.o]
  ignore line: [/cvmfs/cms.cern.ch/slc6_amd64_gcc491/external/gcc/4.9.1-cms/bin/cc    -o CMakeFiles/cmTryCompileExec3751276924.dir/CMakeCCompilerABI.c.o   -c /usr/share/cmake/Modules/CMakeCCompilerABI.c]
  ignore line: [Linking C executable cmTryCompileExec3751276924]
  ignore line: [/usr/bin/cmake -E cmake_link_script CMakeFiles/cmTryCompileExec3751276924.dir/link.txt --verbose=1]
  ignore line: [/cvmfs/cms.cern.ch/slc6_amd64_gcc491/external/gcc/4.9.1-cms/bin/cc     -v CMakeFiles/cmTryCompileExec3751276924.dir/CMakeCCompilerABI.c.o  -o cmTryCompileExec3751276924 -rdynamic  ]
  ignore line: [Using built-in specs.]
  ignore line: [COLLECT_GCC=/cvmfs/cms.cern.ch/slc6_amd64_gcc491/external/gcc/4.9.1-cms/bin/cc]
  ignore line: [COLLECT_LTO_WRAPPER=/cvmfs/cms.cern.ch/slc6_amd64_gcc491/external/gcc/4.9.1-cms/bin/../libexec/gcc/x86_64-redhat-linux-gnu/4.9.1/lto-wrapper]
  ignore line: [Target: x86_64-redhat-linux-gnu]
  ignore line: [Configured with: ../configure --prefix=/build/dmendezl/CMSSW_7_2_0_pre4-build/tmp/BUILDROOT/339bf9a4281bb3f3d22291ab510a30f8/opt/cmssw/slc6_amd64_gcc491/external/gcc/4.9.1-cms --disable-multilib --disable-nls --with-system-zlib --disable-dssi --enable-languages=c,c++,fortran --enable-__cxa_atexit --disable-libunwind-exceptions --enable-gnu-unique-object --enable-plugin --with-linker-hash-style=gnu --enable-linker-build-id --enable-gold=yes --enable-ld=default --enable-lto --with-gmp=/build/dmendezl/CMSSW_7_2_0_pre4-build/tmp/BUILDROOT/339bf9a4281bb3f3d22291ab510a30f8/opt/cmssw/slc6_amd64_gcc491/external/gcc/4.9.1-cms --with-mpfr=/build/dmendezl/CMSSW_7_2_0_pre4-build/tmp/BUILDROOT/339bf9a4281bb3f3d22291ab510a30f8/opt/cmssw/slc6_amd64_gcc491/external/gcc/4.9.1-cms --with-mpc=/build/dmendezl/CMSSW_7_2_0_pre4-build/tmp/BUILDROOT/339bf9a4281bb3f3d22291ab510a30f8/opt/cmssw/slc6_amd64_gcc491/external/gcc/4.9.1-cms --with-isl=/build/dmendezl/CMSSW_7_2_0_pre4-build/tmp/BUILDROOT/339bf9a4281bb3f3d22291ab510a30f8/opt/cmssw/slc6_amd64_gcc491/external/gcc/4.9.1-cms --with-cloog=/build/dmendezl/CMSSW_7_2_0_pre4-build/tmp/BUILDROOT/339bf9a4281bb3f3d22291ab510a30f8/opt/cmssw/slc6_amd64_gcc491/external/gcc/4.9.1-cms --enable-checking=release --build=x86_64-redhat-linux-gnu --host=x86_64-redhat-linux-gnu --enable-libstdcxx-time=rt --enable-shared CC='gcc -fPIC' CXX='c++ -fPIC' CPP=cpp CXXCPP='c++ -E' CFLAGS=-I/build/dmendezl/CMSSW_7_2_0_pre4-build/tmp/BUILDROOT/339bf9a4281bb3f3d22291ab510a30f8/opt/cmssw/slc6_amd64_gcc491/external/gcc/4.9.1-cms/tmp/sw/include CXXFLAGS=-I/build/dmendezl/CMSSW_7_2_0_pre4-build/tmp/BUILDROOT/339bf9a4281bb3f3d22291ab510a30f8/opt/cmssw/slc6_amd64_gcc491/external/gcc/4.9.1-cms/tmp/sw/include LDFLAGS=-L/build/dmendezl/CMSSW_7_2_0_pre4-build/tmp/BUILDROOT/339bf9a4281bb3f3d22291ab510a30f8/opt/cmssw/slc6_amd64_gcc491/external/gcc/4.9.1-cms/tmp/sw/lib]
  ignore line: [Thread model: posix]
  ignore line: [gcc version 4.9.1 (GCC) ]
  ignore line: [COMPILER_PATH=/cvmfs/cms.cern.ch/slc6_amd64_gcc491/external/gcc/4.9.1-cms/bin/../libexec/gcc/x86_64-redhat-linux-gnu/4.9.1/:/cvmfs/cms.cern.ch/slc6_amd64_gcc491/external/gcc/4.9.1-cms/bin/../libexec/gcc/:/cvmfs/cms.cern.ch/slc6_amd64_gcc491/external/gcc/4.9.1-cms/bin/../lib/gcc/x86_64-redhat-linux-gnu/4.9.1/../../../../x86_64-redhat-linux-gnu/bin/]
  ignore line: [LIBRARY_PATH=/cvmfs/cms.cern.ch/slc6_amd64_gcc491/external/gcc/4.9.1-cms/bin/../lib/gcc/x86_64-redhat-linux-gnu/4.9.1/:/cvmfs/cms.cern.ch/slc6_amd64_gcc491/external/gcc/4.9.1-cms/bin/../lib/gcc/:/cvmfs/cms.cern.ch/slc6_amd64_gcc491/external/gcc/4.9.1-cms/bin/../lib/gcc/x86_64-redhat-linux-gnu/4.9.1/../../../../lib64/:/lib/../lib64/:/usr/lib/../lib64/:/cvmfs/cms.cern.ch/slc6_amd64_gcc491/external/gcc/4.9.1-cms/bin/../lib/gcc/x86_64-redhat-linux-gnu/4.9.1/../../../../x86_64-redhat-linux-gnu/lib/:/cvmfs/cms.cern.ch/slc6_amd64_gcc491/external/gcc/4.9.1-cms/bin/../lib/gcc/x86_64-redhat-linux-gnu/4.9.1/../../../:/lib/:/usr/lib/]
  ignore line: [COLLECT_GCC_OPTIONS='-v' '-o' 'cmTryCompileExec3751276924' '-rdynamic' '-mtune=generic' '-march=x86-64']
  link line: [ /cvmfs/cms.cern.ch/slc6_amd64_gcc491/external/gcc/4.9.1-cms/bin/../libexec/gcc/x86_64-redhat-linux-gnu/4.9.1/collect2 -plugin /cvmfs/cms.cern.ch/slc6_amd64_gcc491/external/gcc/4.9.1-cms/bin/../libexec/gcc/x86_64-redhat-linux-gnu/4.9.1/liblto_plugin.so -plugin-opt=/cvmfs/cms.cern.ch/slc6_amd64_gcc491/external/gcc/4.9.1-cms/bin/../libexec/gcc/x86_64-redhat-linux-gnu/4.9.1/lto-wrapper -plugin-opt=-fresolution=/tmp/cc4wViy4.res -plugin-opt=-pass-through=-lgcc -plugin-opt=-pass-through=-lgcc_s -plugin-opt=-pass-through=-lc -plugin-opt=-pass-through=-lgcc -plugin-opt=-pass-through=-lgcc_s --build-id --eh-frame-hdr --hash-style=gnu -m elf_x86_64 -export-dynamic -dynamic-linker /lib64/ld-linux-x86-64.so.2 -z common-page-size=4096 -z max-page-size=4096 -o cmTryCompileExec3751276924 /usr/lib/../lib64/crt1.o /usr/lib/../lib64/crti.o /cvmfs/cms.cern.ch/slc6_amd64_gcc491/external/gcc/4.9.1-cms/bin/../lib/gcc/x86_64-redhat-linux-gnu/4.9.1/crtbegin.o -L/cvmfs/cms.cern.ch/slc6_amd64_gcc491/external/gcc/4.9.1-cms/bin/../lib/gcc/x86_64-redhat-linux-gnu/4.9.1 -L/cvmfs/cms.cern.ch/slc6_amd64_gcc491/external/gcc/4.9.1-cms/bin/../lib/gcc -L/cvmfs/cms.cern.ch/slc6_amd64_gcc491/external/gcc/4.9.1-cms/bin/../lib/gcc/x86_64-redhat-linux-gnu/4.9.1/../../../../lib64 -L/lib/../lib64 -L/usr/lib/../lib64 -L/cvmfs/cms.cern.ch/slc6_amd64_gcc491/external/gcc/4.9.1-cms/bin/../lib/gcc/x86_64-redhat-linux-gnu/4.9.1/../../../../x86_64-redhat-linux-gnu/lib -L/cvmfs/cms.cern.ch/slc6_amd64_gcc491/external/gcc/4.9.1-cms/bin/../lib/gcc/x86_64-redhat-linux-gnu/4.9.1/../../.. CMakeFiles/cmTryCompileExec3751276924.dir/CMakeCCompilerABI.c.o -lgcc --as-needed -lgcc_s --no-as-needed -lc -lgcc --as-needed -lgcc_s --no-as-needed /cvmfs/cms.cern.ch/slc6_amd64_gcc491/external/gcc/4.9.1-cms/bin/../lib/gcc/x86_64-redhat-linux-gnu/4.9.1/crtend.o /usr/lib/../lib64/crtn.o]
    arg [/cvmfs/cms.cern.ch/slc6_amd64_gcc491/external/gcc/4.9.1-cms/bin/../libexec/gcc/x86_64-redhat-linux-gnu/4.9.1/collect2] ==> ignore
    arg [-plugin] ==> ignore
    arg [/cvmfs/cms.cern.ch/slc6_amd64_gcc491/external/gcc/4.9.1-cms/bin/../libexec/gcc/x86_64-redhat-linux-gnu/4.9.1/liblto_plugin.so] ==> ignore
    arg [-plugin-opt=/cvmfs/cms.cern.ch/slc6_amd64_gcc491/external/gcc/4.9.1-cms/bin/../libexec/gcc/x86_64-redhat-linux-gnu/4.9.1/lto-wrapper] ==> ignore
    arg [-plugin-opt=-fresolution=/tmp/cc4wViy4.res] ==> ignore
    arg [-plugin-opt=-pass-through=-lgcc] ==> ignore
    arg [-plugin-opt=-pass-through=-lgcc_s] ==> ignore
    arg [-plugin-opt=-pass-through=-lc] ==> ignore
    arg [-plugin-opt=-pass-through=-lgcc] ==> ignore
    arg [-plugin-opt=-pass-through=-lgcc_s] ==> ignore
    arg [--build-id] ==> ignore
    arg [--eh-frame-hdr] ==> ignore
    arg [--hash-style=gnu] ==> ignore
    arg [-m] ==> ignore
    arg [elf_x86_64] ==> ignore
    arg [-export-dynamic] ==> ignore
    arg [-dynamic-linker] ==> ignore
    arg [/lib64/ld-linux-x86-64.so.2] ==> ignore
    arg [-zcommon-page-size=4096] ==> ignore
    arg [-zmax-page-size=4096] ==> ignore
    arg [-o] ==> ignore
    arg [cmTryCompileExec3751276924] ==> ignore
    arg [/usr/lib/../lib64/crt1.o] ==> ignore
    arg [/usr/lib/../lib64/crti.o] ==> ignore
    arg [/cvmfs/cms.cern.ch/slc6_amd64_gcc491/external/gcc/4.9.1-cms/bin/../lib/gcc/x86_64-redhat-linux-gnu/4.9.1/crtbegin.o] ==> ignore
    arg [-L/cvmfs/cms.cern.ch/slc6_amd64_gcc491/external/gcc/4.9.1-cms/bin/../lib/gcc/x86_64-redhat-linux-gnu/4.9.1] ==> dir [/cvmfs/cms.cern.ch/slc6_amd64_gcc491/external/gcc/4.9.1-cms/bin/../lib/gcc/x86_64-redhat-linux-gnu/4.9.1]
    arg [-L/cvmfs/cms.cern.ch/slc6_amd64_gcc491/external/gcc/4.9.1-cms/bin/../lib/gcc] ==> dir [/cvmfs/cms.cern.ch/slc6_amd64_gcc491/external/gcc/4.9.1-cms/bin/../lib/gcc]
    arg [-L/cvmfs/cms.cern.ch/slc6_amd64_gcc491/external/gcc/4.9.1-cms/bin/../lib/gcc/x86_64-redhat-linux-gnu/4.9.1/../../../../lib64] ==> dir [/cvmfs/cms.cern.ch/slc6_amd64_gcc491/external/gcc/4.9.1-cms/bin/../lib/gcc/x86_64-redhat-linux-gnu/4.9.1/../../../../lib64]
    arg [-L/lib/../lib64] ==> dir [/lib/../lib64]
    arg [-L/usr/lib/../lib64] ==> dir [/usr/lib/../lib64]
    arg [-L/cvmfs/cms.cern.ch/slc6_amd64_gcc491/external/gcc/4.9.1-cms/bin/../lib/gcc/x86_64-redhat-linux-gnu/4.9.1/../../../../x86_64-redhat-linux-gnu/lib] ==> dir [/cvmfs/cms.cern.ch/slc6_amd64_gcc491/external/gcc/4.9.1-cms/bin/../lib/gcc/x86_64-redhat-linux-gnu/4.9.1/../../../../x86_64-redhat-linux-gnu/lib]
    arg [-L/cvmfs/cms.cern.ch/slc6_amd64_gcc491/external/gcc/4.9.1-cms/bin/../lib/gcc/x86_64-redhat-linux-gnu/4.9.1/../../..] ==> dir [/cvmfs/cms.cern.ch/slc6_amd64_gcc491/external/gcc/4.9.1-cms/bin/../lib/gcc/x86_64-redhat-linux-gnu/4.9.1/../../..]
    arg [CMakeFiles/cmTryCompileExec3751276924.dir/CMakeCCompilerABI.c.o] ==> ignore
    arg [-lgcc] ==> lib [gcc]
    arg [--as-needed] ==> ignore
    arg [-lgcc_s] ==> lib [gcc_s]
    arg [--no-as-needed] ==> ignore
    arg [-lc] ==> lib [c]
    arg [-lgcc] ==> lib [gcc]
    arg [--as-needed] ==> ignore
    arg [-lgcc_s] ==> lib [gcc_s]
    arg [--no-as-needed] ==> ignore
    arg [/cvmfs/cms.cern.ch/slc6_amd64_gcc491/external/gcc/4.9.1-cms/bin/../lib/gcc/x86_64-redhat-linux-gnu/4.9.1/crtend.o] ==> ignore
    arg [/usr/lib/../lib64/crtn.o] ==> ignore
  remove lib [gcc]
  remove lib [gcc_s]
  remove lib [gcc]
  remove lib [gcc_s]
  collapse library dir [/cvmfs/cms.cern.ch/slc6_amd64_gcc491/external/gcc/4.9.1-cms/bin/../lib/gcc/x86_64-redhat-linux-gnu/4.9.1] ==> [/cvmfs/cms.cern.ch/slc6_amd64_gcc491/external/gcc/4.9.1-cms/lib/gcc/x86_64-redhat-linux-gnu/4.9.1]
  collapse library dir [/cvmfs/cms.cern.ch/slc6_amd64_gcc491/external/gcc/4.9.1-cms/bin/../lib/gcc] ==> [/cvmfs/cms.cern.ch/slc6_amd64_gcc491/external/gcc/4.9.1-cms/lib/gcc]
  collapse library dir [/cvmfs/cms.cern.ch/slc6_amd64_gcc491/external/gcc/4.9.1-cms/bin/../lib/gcc/x86_64-redhat-linux-gnu/4.9.1/../../../../lib64] ==> [/cvmfs/cms.cern.ch/slc6_amd64_gcc491/external/gcc/4.9.1-cms/lib64]
  collapse library dir [/lib/../lib64] ==> [/lib64]
  collapse library dir [/usr/lib/../lib64] ==> [/usr/lib64]
  collapse library dir [/cvmfs/cms.cern.ch/slc6_amd64_gcc491/external/gcc/4.9.1-cms/bin/../lib/gcc/x86_64-redhat-linux-gnu/4.9.1/../../../../x86_64-redhat-linux-gnu/lib] ==> [/cvmfs/cms.cern.ch/slc6_amd64_gcc491/external/gcc/4.9.1-cms/x86_64-redhat-linux-gnu/lib]
  collapse library dir [/cvmfs/cms.cern.ch/slc6_amd64_gcc491/external/gcc/4.9.1-cms/bin/../lib/gcc/x86_64-redhat-linux-gnu/4.9.1/../../..] ==> [/cvmfs/cms.cern.ch/slc6_amd64_gcc491/external/gcc/4.9.1-cms/lib]
  implicit libs: [c]
  implicit dirs: [/cvmfs/cms.cern.ch/slc6_amd64_gcc491/external/gcc/4.9.1-cms/lib/gcc/x86_64-redhat-linux-gnu/4.9.1;/cvmfs/cms.cern.ch/slc6_amd64_gcc491/external/gcc/4.9.1-cms/lib/gcc;/cvmfs/cms.cern.ch/slc6_amd64_gcc491/external/gcc/4.9.1-cms/lib64;/lib64;/usr/lib64;/cvmfs/cms.cern.ch/slc6_amd64_gcc491/external/gcc/4.9.1-cms/x86_64-redhat-linux-gnu/lib;/cvmfs/cms.cern.ch/slc6_amd64_gcc491/external/gcc/4.9.1-cms/lib]
  implicit fwks: []


Determining if the CXX compiler works passed with the following output:
Change Dir: /nfs/cms/mc1/cjc359/MMAPS/darkPhotonBuild2/CMakeFiles/CMakeTmp

Run Build Command:/usr/bin/gmake "cmTryCompileExec800816186/fast"
/usr/bin/gmake -f CMakeFiles/cmTryCompileExec800816186.dir/build.make CMakeFiles/cmTryCompileExec800816186.dir/build
gmake[1]: Entering directory `/nfs/cms/mc1/cjc359/MMAPS/darkPhotonBuild2/CMakeFiles/CMakeTmp'
/usr/bin/cmake -E cmake_progress_report /nfs/cms/mc1/cjc359/MMAPS/darkPhotonBuild2/CMakeFiles/CMakeTmp/CMakeFiles 1
Building CXX object CMakeFiles/cmTryCompileExec800816186.dir/testCXXCompiler.cxx.o
/cvmfs/cms.cern.ch/slc6_amd64_gcc491/external/gcc/4.9.1-cms/bin/c++     -o CMakeFiles/cmTryCompileExec800816186.dir/testCXXCompiler.cxx.o -c /nfs/cms/mc1/cjc359/MMAPS/darkPhotonBuild2/CMakeFiles/CMakeTmp/testCXXCompiler.cxx
Linking CXX executable cmTryCompileExec800816186
/usr/bin/cmake -E cmake_link_script CMakeFiles/cmTryCompileExec800816186.dir/link.txt --verbose=1
/cvmfs/cms.cern.ch/slc6_amd64_gcc491/external/gcc/4.9.1-cms/bin/c++        CMakeFiles/cmTryCompileExec800816186.dir/testCXXCompiler.cxx.o  -o cmTryCompileExec800816186 -rdynamic 
gmake[1]: Leaving directory `/nfs/cms/mc1/cjc359/MMAPS/darkPhotonBuild2/CMakeFiles/CMakeTmp'


Detecting CXX compiler ABI info compiled with the following output:
Change Dir: /nfs/cms/mc1/cjc359/MMAPS/darkPhotonBuild2/CMakeFiles/CMakeTmp

Run Build Command:/usr/bin/gmake "cmTryCompileExec4008834450/fast"
/usr/bin/gmake -f CMakeFiles/cmTryCompileExec4008834450.dir/build.make CMakeFiles/cmTryCompileExec4008834450.dir/build
gmake[1]: Entering directory `/nfs/cms/mc1/cjc359/MMAPS/darkPhotonBuild2/CMakeFiles/CMakeTmp'
/usr/bin/cmake -E cmake_progress_report /nfs/cms/mc1/cjc359/MMAPS/darkPhotonBuild2/CMakeFiles/CMakeTmp/CMakeFiles 1
Building CXX object CMakeFiles/cmTryCompileExec4008834450.dir/CMakeCXXCompilerABI.cpp.o
/cvmfs/cms.cern.ch/slc6_amd64_gcc491/external/gcc/4.9.1-cms/bin/c++     -o CMakeFiles/cmTryCompileExec4008834450.dir/CMakeCXXCompilerABI.cpp.o -c /usr/share/cmake/Modules/CMakeCXXCompilerABI.cpp
Linking CXX executable cmTryCompileExec4008834450
/usr/bin/cmake -E cmake_link_script CMakeFiles/cmTryCompileExec4008834450.dir/link.txt --verbose=1
/cvmfs/cms.cern.ch/slc6_amd64_gcc491/external/gcc/4.9.1-cms/bin/c++      -v CMakeFiles/cmTryCompileExec4008834450.dir/CMakeCXXCompilerABI.cpp.o  -o cmTryCompileExec4008834450 -rdynamic  
Using built-in specs.
COLLECT_GCC=/cvmfs/cms.cern.ch/slc6_amd64_gcc491/external/gcc/4.9.1-cms/bin/c++
COLLECT_LTO_WRAPPER=/cvmfs/cms.cern.ch/slc6_amd64_gcc491/external/gcc/4.9.1-cms/bin/../libexec/gcc/x86_64-redhat-linux-gnu/4.9.1/lto-wrapper
Target: x86_64-redhat-linux-gnu
Configured with: ../configure --prefix=/build/dmendezl/CMSSW_7_2_0_pre4-build/tmp/BUILDROOT/339bf9a4281bb3f3d22291ab510a30f8/opt/cmssw/slc6_amd64_gcc491/external/gcc/4.9.1-cms --disable-multilib --disable-nls --with-system-zlib --disable-dssi --enable-languages=c,c++,fortran --enable-__cxa_atexit --disable-libunwind-exceptions --enable-gnu-unique-object --enable-plugin --with-linker-hash-style=gnu --enable-linker-build-id --enable-gold=yes --enable-ld=default --enable-lto --with-gmp=/build/dmendezl/CMSSW_7_2_0_pre4-build/tmp/BUILDROOT/339bf9a4281bb3f3d22291ab510a30f8/opt/cmssw/slc6_amd64_gcc491/external/gcc/4.9.1-cms --with-mpfr=/build/dmendezl/CMSSW_7_2_0_pre4-build/tmp/BUILDROOT/339bf9a4281bb3f3d22291ab510a30f8/opt/cmssw/slc6_amd64_gcc491/external/gcc/4.9.1-cms --with-mpc=/build/dmendezl/CMSSW_7_2_0_pre4-build/tmp/BUILDROOT/339bf9a4281bb3f3d22291ab510a30f8/opt/cmssw/slc6_amd64_gcc491/external/gcc/4.9.1-cms --with-isl=/build/dmendezl/CMSSW_7_2_0_pre4-build/tmp/BUILDROOT/339bf9a4281bb3f3d22291ab510a30f8/opt/cmssw/slc6_amd64_gcc491/external/gcc/4.9.1-cms --with-cloog=/build/dmendezl/CMSSW_7_2_0_pre4-build/tmp/BUILDROOT/339bf9a4281bb3f3d22291ab510a30f8/opt/cmssw/slc6_amd64_gcc491/external/gcc/4.9.1-cms --enable-checking=release --build=x86_64-redhat-linux-gnu --host=x86_64-redhat-linux-gnu --enable-libstdcxx-time=rt --enable-shared CC='gcc -fPIC' CXX='c++ -fPIC' CPP=cpp CXXCPP='c++ -E' CFLAGS=-I/build/dmendezl/CMSSW_7_2_0_pre4-build/tmp/BUILDROOT/339bf9a4281bb3f3d22291ab510a30f8/opt/cmssw/slc6_amd64_gcc491/external/gcc/4.9.1-cms/tmp/sw/include CXXFLAGS=-I/build/dmendezl/CMSSW_7_2_0_pre4-build/tmp/BUILDROOT/339bf9a4281bb3f3d22291ab510a30f8/opt/cmssw/slc6_amd64_gcc491/external/gcc/4.9.1-cms/tmp/sw/include LDFLAGS=-L/build/dmendezl/CMSSW_7_2_0_pre4-build/tmp/BUILDROOT/339bf9a4281bb3f3d22291ab510a30f8/opt/cmssw/slc6_amd64_gcc491/external/gcc/4.9.1-cms/tmp/sw/lib
Thread model: posix
gcc version 4.9.1 (GCC) 
COMPILER_PATH=/cvmfs/cms.cern.ch/slc6_amd64_gcc491/external/gcc/4.9.1-cms/bin/../libexec/gcc/x86_64-redhat-linux-gnu/4.9.1/:/cvmfs/cms.cern.ch/slc6_amd64_gcc491/external/gcc/4.9.1-cms/bin/../libexec/gcc/:/cvmfs/cms.cern.ch/slc6_amd64_gcc491/external/gcc/4.9.1-cms/bin/../lib/gcc/x86_64-redhat-linux-gnu/4.9.1/../../../../x86_64-redhat-linux-gnu/bin/
LIBRARY_PATH=/cvmfs/cms.cern.ch/slc6_amd64_gcc491/external/gcc/4.9.1-cms/bin/../lib/gcc/x86_64-redhat-linux-gnu/4.9.1/:/cvmfs/cms.cern.ch/slc6_amd64_gcc491/external/gcc/4.9.1-cms/bin/../lib/gcc/:/cvmfs/cms.cern.ch/slc6_amd64_gcc491/external/gcc/4.9.1-cms/bin/../lib/gcc/x86_64-redhat-linux-gnu/4.9.1/../../../../lib64/:/lib/../lib64/:/usr/lib/../lib64/:/cvmfs/cms.cern.ch/slc6_amd64_gcc491/external/gcc/4.9.1-cms/bin/../lib/gcc/x86_64-redhat-linux-gnu/4.9.1/../../../../x86_64-redhat-linux-gnu/lib/:/cvmfs/cms.cern.ch/slc6_amd64_gcc491/external/gcc/4.9.1-cms/bin/../lib/gcc/x86_64-redhat-linux-gnu/4.9.1/../../../:/lib/:/usr/lib/
COLLECT_GCC_OPTIONS='-v' '-o' 'cmTryCompileExec4008834450' '-rdynamic' '-shared-libgcc' '-mtune=generic' '-march=x86-64'
 /cvmfs/cms.cern.ch/slc6_amd64_gcc491/external/gcc/4.9.1-cms/bin/../libexec/gcc/x86_64-redhat-linux-gnu/4.9.1/collect2 -plugin /cvmfs/cms.cern.ch/slc6_amd64_gcc491/external/gcc/4.9.1-cms/bin/../libexec/gcc/x86_64-redhat-linux-gnu/4.9.1/liblto_plugin.so -plugin-opt=/cvmfs/cms.cern.ch/slc6_amd64_gcc491/external/gcc/4.9.1-cms/bin/../libexec/gcc/x86_64-redhat-linux-gnu/4.9.1/lto-wrapper -plugin-opt=-fresolution=/tmp/cc5HnzeE.res -plugin-opt=-pass-through=-lgcc_s -plugin-opt=-pass-through=-lgcc -plugin-opt=-pass-through=-lc -plugin-opt=-pass-through=-lgcc_s -plugin-opt=-pass-through=-lgcc --build-id --eh-frame-hdr --hash-style=gnu -m elf_x86_64 -export-dynamic -dynamic-linker /lib64/ld-linux-x86-64.so.2 -z common-page-size=4096 -z max-page-size=4096 -o cmTryCompileExec4008834450 /usr/lib/../lib64/crt1.o /usr/lib/../lib64/crti.o /cvmfs/cms.cern.ch/slc6_amd64_gcc491/external/gcc/4.9.1-cms/bin/../lib/gcc/x86_64-redhat-linux-gnu/4.9.1/crtbegin.o -L/cvmfs/cms.cern.ch/slc6_amd64_gcc491/external/gcc/4.9.1-cms/bin/../lib/gcc/x86_64-redhat-linux-gnu/4.9.1 -L/cvmfs/cms.cern.ch/slc6_amd64_gcc491/external/gcc/4.9.1-cms/bin/../lib/gcc -L/cvmfs/cms.cern.ch/slc6_amd64_gcc491/external/gcc/4.9.1-cms/bin/../lib/gcc/x86_64-redhat-linux-gnu/4.9.1/../../../../lib64 -L/lib/../lib64 -L/usr/lib/../lib64 -L/cvmfs/cms.cern.ch/slc6_amd64_gcc491/external/gcc/4.9.1-cms/bin/../lib/gcc/x86_64-redhat-linux-gnu/4.9.1/../../../../x86_64-redhat-linux-gnu/lib -L/cvmfs/cms.cern.ch/slc6_amd64_gcc491/external/gcc/4.9.1-cms/bin/../lib/gcc/x86_64-redhat-linux-gnu/4.9.1/../../.. CMakeFiles/cmTryCompileExec4008834450.dir/CMakeCXXCompilerABI.cpp.o -lstdc++ -lm -lgcc_s -lgcc -lc -lgcc_s -lgcc /cvmfs/cms.cern.ch/slc6_amd64_gcc491/external/gcc/4.9.1-cms/bin/../lib/gcc/x86_64-redhat-linux-gnu/4.9.1/crtend.o /usr/lib/../lib64/crtn.o
gmake[1]: Leaving directory `/nfs/cms/mc1/cjc359/MMAPS/darkPhotonBuild2/CMakeFiles/CMakeTmp'


Parsed CXX implicit link information from above output:
  link line regex: [^( *|.*[/\])(ld|([^/\]+-)?ld|collect2)[^/\]*( |$)]
  ignore line: [Change Dir: /nfs/cms/mc1/cjc359/MMAPS/darkPhotonBuild2/CMakeFiles/CMakeTmp]
  ignore line: []
  ignore line: [Run Build Command:/usr/bin/gmake "cmTryCompileExec4008834450/fast"]
  ignore line: [/usr/bin/gmake -f CMakeFiles/cmTryCompileExec4008834450.dir/build.make CMakeFiles/cmTryCompileExec4008834450.dir/build]
  ignore line: [gmake[1]: Entering directory `/nfs/cms/mc1/cjc359/MMAPS/darkPhotonBuild2/CMakeFiles/CMakeTmp']
  ignore line: [/usr/bin/cmake -E cmake_progress_report /nfs/cms/mc1/cjc359/MMAPS/darkPhotonBuild2/CMakeFiles/CMakeTmp/CMakeFiles 1]
  ignore line: [Building CXX object CMakeFiles/cmTryCompileExec4008834450.dir/CMakeCXXCompilerABI.cpp.o]
  ignore line: [/cvmfs/cms.cern.ch/slc6_amd64_gcc491/external/gcc/4.9.1-cms/bin/c++     -o CMakeFiles/cmTryCompileExec4008834450.dir/CMakeCXXCompilerABI.cpp.o -c /usr/share/cmake/Modules/CMakeCXXCompilerABI.cpp]
  ignore line: [Linking CXX executable cmTryCompileExec4008834450]
  ignore line: [/usr/bin/cmake -E cmake_link_script CMakeFiles/cmTryCompileExec4008834450.dir/link.txt --verbose=1]
  ignore line: [/cvmfs/cms.cern.ch/slc6_amd64_gcc491/external/gcc/4.9.1-cms/bin/c++      -v CMakeFiles/cmTryCompileExec4008834450.dir/CMakeCXXCompilerABI.cpp.o  -o cmTryCompileExec4008834450 -rdynamic  ]
  ignore line: [Using built-in specs.]
  ignore line: [COLLECT_GCC=/cvmfs/cms.cern.ch/slc6_amd64_gcc491/external/gcc/4.9.1-cms/bin/c++]
  ignore line: [COLLECT_LTO_WRAPPER=/cvmfs/cms.cern.ch/slc6_amd64_gcc491/external/gcc/4.9.1-cms/bin/../libexec/gcc/x86_64-redhat-linux-gnu/4.9.1/lto-wrapper]
  ignore line: [Target: x86_64-redhat-linux-gnu]
  ignore line: [Configured with: ../configure --prefix=/build/dmendezl/CMSSW_7_2_0_pre4-build/tmp/BUILDROOT/339bf9a4281bb3f3d22291ab510a30f8/opt/cmssw/slc6_amd64_gcc491/external/gcc/4.9.1-cms --disable-multilib --disable-nls --with-system-zlib --disable-dssi --enable-languages=c,c++,fortran --enable-__cxa_atexit --disable-libunwind-exceptions --enable-gnu-unique-object --enable-plugin --with-linker-hash-style=gnu --enable-linker-build-id --enable-gold=yes --enable-ld=default --enable-lto --with-gmp=/build/dmendezl/CMSSW_7_2_0_pre4-build/tmp/BUILDROOT/339bf9a4281bb3f3d22291ab510a30f8/opt/cmssw/slc6_amd64_gcc491/external/gcc/4.9.1-cms --with-mpfr=/build/dmendezl/CMSSW_7_2_0_pre4-build/tmp/BUILDROOT/339bf9a4281bb3f3d22291ab510a30f8/opt/cmssw/slc6_amd64_gcc491/external/gcc/4.9.1-cms --with-mpc=/build/dmendezl/CMSSW_7_2_0_pre4-build/tmp/BUILDROOT/339bf9a4281bb3f3d22291ab510a30f8/opt/cmssw/slc6_amd64_gcc491/external/gcc/4.9.1-cms --with-isl=/build/dmendezl/CMSSW_7_2_0_pre4-build/tmp/BUILDROOT/339bf9a4281bb3f3d22291ab510a30f8/opt/cmssw/slc6_amd64_gcc491/external/gcc/4.9.1-cms --with-cloog=/build/dmendezl/CMSSW_7_2_0_pre4-build/tmp/BUILDROOT/339bf9a4281bb3f3d22291ab510a30f8/opt/cmssw/slc6_amd64_gcc491/external/gcc/4.9.1-cms --enable-checking=release --build=x86_64-redhat-linux-gnu --host=x86_64-redhat-linux-gnu --enable-libstdcxx-time=rt --enable-shared CC='gcc -fPIC' CXX='c++ -fPIC' CPP=cpp CXXCPP='c++ -E' CFLAGS=-I/build/dmendezl/CMSSW_7_2_0_pre4-build/tmp/BUILDROOT/339bf9a4281bb3f3d22291ab510a30f8/opt/cmssw/slc6_amd64_gcc491/external/gcc/4.9.1-cms/tmp/sw/include CXXFLAGS=-I/build/dmendezl/CMSSW_7_2_0_pre4-build/tmp/BUILDROOT/339bf9a4281bb3f3d22291ab510a30f8/opt/cmssw/slc6_amd64_gcc491/external/gcc/4.9.1-cms/tmp/sw/include LDFLAGS=-L/build/dmendezl/CMSSW_7_2_0_pre4-build/tmp/BUILDROOT/339bf9a4281bb3f3d22291ab510a30f8/opt/cmssw/slc6_amd64_gcc491/external/gcc/4.9.1-cms/tmp/sw/lib]
  ignore line: [Thread model: posix]
  ignore line: [gcc version 4.9.1 (GCC) ]
  ignore line: [COMPILER_PATH=/cvmfs/cms.cern.ch/slc6_amd64_gcc491/external/gcc/4.9.1-cms/bin/../libexec/gcc/x86_64-redhat-linux-gnu/4.9.1/:/cvmfs/cms.cern.ch/slc6_amd64_gcc491/external/gcc/4.9.1-cms/bin/../libexec/gcc/:/cvmfs/cms.cern.ch/slc6_amd64_gcc491/external/gcc/4.9.1-cms/bin/../lib/gcc/x86_64-redhat-linux-gnu/4.9.1/../../../../x86_64-redhat-linux-gnu/bin/]
  ignore line: [LIBRARY_PATH=/cvmfs/cms.cern.ch/slc6_amd64_gcc491/external/gcc/4.9.1-cms/bin/../lib/gcc/x86_64-redhat-linux-gnu/4.9.1/:/cvmfs/cms.cern.ch/slc6_amd64_gcc491/external/gcc/4.9.1-cms/bin/../lib/gcc/:/cvmfs/cms.cern.ch/slc6_amd64_gcc491/external/gcc/4.9.1-cms/bin/../lib/gcc/x86_64-redhat-linux-gnu/4.9.1/../../../../lib64/:/lib/../lib64/:/usr/lib/../lib64/:/cvmfs/cms.cern.ch/slc6_amd64_gcc491/external/gcc/4.9.1-cms/bin/../lib/gcc/x86_64-redhat-linux-gnu/4.9.1/../../../../x86_64-redhat-linux-gnu/lib/:/cvmfs/cms.cern.ch/slc6_amd64_gcc491/external/gcc/4.9.1-cms/bin/../lib/gcc/x86_64-redhat-linux-gnu/4.9.1/../../../:/lib/:/usr/lib/]
  ignore line: [COLLECT_GCC_OPTIONS='-v' '-o' 'cmTryCompileExec4008834450' '-rdynamic' '-shared-libgcc' '-mtune=generic' '-march=x86-64']
  link line: [ /cvmfs/cms.cern.ch/slc6_amd64_gcc491/external/gcc/4.9.1-cms/bin/../libexec/gcc/x86_64-redhat-linux-gnu/4.9.1/collect2 -plugin /cvmfs/cms.cern.ch/slc6_amd64_gcc491/external/gcc/4.9.1-cms/bin/../libexec/gcc/x86_64-redhat-linux-gnu/4.9.1/liblto_plugin.so -plugin-opt=/cvmfs/cms.cern.ch/slc6_amd64_gcc491/external/gcc/4.9.1-cms/bin/../libexec/gcc/x86_64-redhat-linux-gnu/4.9.1/lto-wrapper -plugin-opt=-fresolution=/tmp/cc5HnzeE.res -plugin-opt=-pass-through=-lgcc_s -plugin-opt=-pass-through=-lgcc -plugin-opt=-pass-through=-lc -plugin-opt=-pass-through=-lgcc_s -plugin-opt=-pass-through=-lgcc --build-id --eh-frame-hdr --hash-style=gnu -m elf_x86_64 -export-dynamic -dynamic-linker /lib64/ld-linux-x86-64.so.2 -z common-page-size=4096 -z max-page-size=4096 -o cmTryCompileExec4008834450 /usr/lib/../lib64/crt1.o /usr/lib/../lib64/crti.o /cvmfs/cms.cern.ch/slc6_amd64_gcc491/external/gcc/4.9.1-cms/bin/../lib/gcc/x86_64-redhat-linux-gnu/4.9.1/crtbegin.o -L/cvmfs/cms.cern.ch/slc6_amd64_gcc491/external/gcc/4.9.1-cms/bin/../lib/gcc/x86_64-redhat-linux-gnu/4.9.1 -L/cvmfs/cms.cern.ch/slc6_amd64_gcc491/external/gcc/4.9.1-cms/bin/../lib/gcc -L/cvmfs/cms.cern.ch/slc6_amd64_gcc491/external/gcc/4.9.1-cms/bin/../lib/gcc/x86_64-redhat-linux-gnu/4.9.1/../../../../lib64 -L/lib/../lib64 -L/usr/lib/../lib64 -L/cvmfs/cms.cern.ch/slc6_amd64_gcc491/external/gcc/4.9.1-cms/bin/../lib/gcc/x86_64-redhat-linux-gnu/4.9.1/../../../../x86_64-redhat-linux-gnu/lib -L/cvmfs/cms.cern.ch/slc6_amd64_gcc491/external/gcc/4.9.1-cms/bin/../lib/gcc/x86_64-redhat-linux-gnu/4.9.1/../../.. CMakeFiles/cmTryCompileExec4008834450.dir/CMakeCXXCompilerABI.cpp.o -lstdc++ -lm -lgcc_s -lgcc -lc -lgcc_s -lgcc /cvmfs/cms.cern.ch/slc6_amd64_gcc491/external/gcc/4.9.1-cms/bin/../lib/gcc/x86_64-redhat-linux-gnu/4.9.1/crtend.o /usr/lib/../lib64/crtn.o]
    arg [/cvmfs/cms.cern.ch/slc6_amd64_gcc491/external/gcc/4.9.1-cms/bin/../libexec/gcc/x86_64-redhat-linux-gnu/4.9.1/collect2] ==> ignore
    arg [-plugin] ==> ignore
    arg [/cvmfs/cms.cern.ch/slc6_amd64_gcc491/external/gcc/4.9.1-cms/bin/../libexec/gcc/x86_64-redhat-linux-gnu/4.9.1/liblto_plugin.so] ==> ignore
    arg [-plugin-opt=/cvmfs/cms.cern.ch/slc6_amd64_gcc491/external/gcc/4.9.1-cms/bin/../libexec/gcc/x86_64-redhat-linux-gnu/4.9.1/lto-wrapper] ==> ignore
    arg [-plugin-opt=-fresolution=/tmp/cc5HnzeE.res] ==> ignore
    arg [-plugin-opt=-pass-through=-lgcc_s] ==> ignore
    arg [-plugin-opt=-pass-through=-lgcc] ==> ignore
    arg [-plugin-opt=-pass-through=-lc] ==> ignore
    arg [-plugin-opt=-pass-through=-lgcc_s] ==> ignore
    arg [-plugin-opt=-pass-through=-lgcc] ==> ignore
    arg [--build-id] ==> ignore
    arg [--eh-frame-hdr] ==> ignore
    arg [--hash-style=gnu] ==> ignore
    arg [-m] ==> ignore
    arg [elf_x86_64] ==> ignore
    arg [-export-dynamic] ==> ignore
    arg [-dynamic-linker] ==> ignore
    arg [/lib64/ld-linux-x86-64.so.2] ==> ignore
    arg [-zcommon-page-size=4096] ==> ignore
    arg [-zmax-page-size=4096] ==> ignore
    arg [-o] ==> ignore
    arg [cmTryCompileExec4008834450] ==> ignore
    arg [/usr/lib/../lib64/crt1.o] ==> ignore
    arg [/usr/lib/../lib64/crti.o] ==> ignore
    arg [/cvmfs/cms.cern.ch/slc6_amd64_gcc491/external/gcc/4.9.1-cms/bin/../lib/gcc/x86_64-redhat-linux-gnu/4.9.1/crtbegin.o] ==> ignore
    arg [-L/cvmfs/cms.cern.ch/slc6_amd64_gcc491/external/gcc/4.9.1-cms/bin/../lib/gcc/x86_64-redhat-linux-gnu/4.9.1] ==> dir [/cvmfs/cms.cern.ch/slc6_amd64_gcc491/external/gcc/4.9.1-cms/bin/../lib/gcc/x86_64-redhat-linux-gnu/4.9.1]
    arg [-L/cvmfs/cms.cern.ch/slc6_amd64_gcc491/external/gcc/4.9.1-cms/bin/../lib/gcc] ==> dir [/cvmfs/cms.cern.ch/slc6_amd64_gcc491/external/gcc/4.9.1-cms/bin/../lib/gcc]
    arg [-L/cvmfs/cms.cern.ch/slc6_amd64_gcc491/external/gcc/4.9.1-cms/bin/../lib/gcc/x86_64-redhat-linux-gnu/4.9.1/../../../../lib64] ==> dir [/cvmfs/cms.cern.ch/slc6_amd64_gcc491/external/gcc/4.9.1-cms/bin/../lib/gcc/x86_64-redhat-linux-gnu/4.9.1/../../../../lib64]
    arg [-L/lib/../lib64] ==> dir [/lib/../lib64]
    arg [-L/usr/lib/../lib64] ==> dir [/usr/lib/../lib64]
    arg [-L/cvmfs/cms.cern.ch/slc6_amd64_gcc491/external/gcc/4.9.1-cms/bin/../lib/gcc/x86_64-redhat-linux-gnu/4.9.1/../../../../x86_64-redhat-linux-gnu/lib] ==> dir [/cvmfs/cms.cern.ch/slc6_amd64_gcc491/external/gcc/4.9.1-cms/bin/../lib/gcc/x86_64-redhat-linux-gnu/4.9.1/../../../../x86_64-redhat-linux-gnu/lib]
    arg [-L/cvmfs/cms.cern.ch/slc6_amd64_gcc491/external/gcc/4.9.1-cms/bin/../lib/gcc/x86_64-redhat-linux-gnu/4.9.1/../../..] ==> dir [/cvmfs/cms.cern.ch/slc6_amd64_gcc491/external/gcc/4.9.1-cms/bin/../lib/gcc/x86_64-redhat-linux-gnu/4.9.1/../../..]
    arg [CMakeFiles/cmTryCompileExec4008834450.dir/CMakeCXXCompilerABI.cpp.o] ==> ignore
    arg [-lstdc++] ==> lib [stdc++]
    arg [-lm] ==> lib [m]
    arg [-lgcc_s] ==> lib [gcc_s]
    arg [-lgcc] ==> lib [gcc]
    arg [-lc] ==> lib [c]
    arg [-lgcc_s] ==> lib [gcc_s]
    arg [-lgcc] ==> lib [gcc]
    arg [/cvmfs/cms.cern.ch/slc6_amd64_gcc491/external/gcc/4.9.1-cms/bin/../lib/gcc/x86_64-redhat-linux-gnu/4.9.1/crtend.o] ==> ignore
    arg [/usr/lib/../lib64/crtn.o] ==> ignore
  remove lib [gcc_s]
  remove lib [gcc]
  remove lib [gcc_s]
  remove lib [gcc]
  collapse library dir [/cvmfs/cms.cern.ch/slc6_amd64_gcc491/external/gcc/4.9.1-cms/bin/../lib/gcc/x86_64-redhat-linux-gnu/4.9.1] ==> [/cvmfs/cms.cern.ch/slc6_amd64_gcc491/external/gcc/4.9.1-cms/lib/gcc/x86_64-redhat-linux-gnu/4.9.1]
  collapse library dir [/cvmfs/cms.cern.ch/slc6_amd64_gcc491/external/gcc/4.9.1-cms/bin/../lib/gcc] ==> [/cvmfs/cms.cern.ch/slc6_amd64_gcc491/external/gcc/4.9.1-cms/lib/gcc]
  collapse library dir [/cvmfs/cms.cern.ch/slc6_amd64_gcc491/external/gcc/4.9.1-cms/bin/../lib/gcc/x86_64-redhat-linux-gnu/4.9.1/../../../../lib64] ==> [/cvmfs/cms.cern.ch/slc6_amd64_gcc491/external/gcc/4.9.1-cms/lib64]
  collapse library dir [/lib/../lib64] ==> [/lib64]
  collapse library dir [/usr/lib/../lib64] ==> [/usr/lib64]
  collapse library dir [/cvmfs/cms.cern.ch/slc6_amd64_gcc491/external/gcc/4.9.1-cms/bin/../lib/gcc/x86_64-redhat-linux-gnu/4.9.1/../../../../x86_64-redhat-linux-gnu/lib] ==> [/cvmfs/cms.cern.ch/slc6_amd64_gcc491/external/gcc/4.9.1-cms/x86_64-redhat-linux-gnu/lib]
  collapse library dir [/cvmfs/cms.cern.ch/slc6_amd64_gcc491/external/gcc/4.9.1-cms/bin/../lib/gcc/x86_64-redhat-linux-gnu/4.9.1/../../..] ==> [/cvmfs/cms.cern.ch/slc6_amd64_gcc491/external/gcc/4.9.1-cms/lib]
  implicit libs: [stdc++;m;c]
  implicit dirs: [/cvmfs/cms.cern.ch/slc6_amd64_gcc491/external/gcc/4.9.1-cms/lib/gcc/x86_64-redhat-linux-gnu/4.9.1;/cvmfs/cms.cern.ch/slc6_amd64_gcc491/external/gcc/4.9.1-cms/lib/gcc;/cvmfs/cms.cern.ch/slc6_amd64_gcc491/external/gcc/4.9.1-cms/lib64;/lib64;/usr/lib64;/cvmfs/cms.cern.ch/slc6_amd64_gcc491/external/gcc/4.9.1-cms/x86_64-redhat-linux-gnu/lib;/cvmfs/cms.cern.ch/slc6_amd64_gcc491/external/gcc/4.9.1-cms/lib]
  implicit fwks: []


